<?xml version="1.0" encoding="UTF-8"?>
<!-- Generated by org.testng.reporters.JUnitXMLReporter -->
<testsuite ignored="2" hostname="Mahima-Dell" failures="0" tests="1" name="Default test" time="3.768" errors="0" timestamp="12 Sep 2022 22:59:18 GMT">
  <testcase classname="testcases.Login" name="Test3" time="0.628"/>
  <testcase classname="testcases.Login" name="Test1" time="0.0">
    <ignored/>
  </testcase> <!-- Test1 -->
  <testcase classname="testcases.Login" name="Test2" time="0.0">
    <ignored/>
  </testcase> <!-- Test2 -->
</testsuite> <!-- Default test -->
