<?xml version="1.0" encoding="UTF-8"?>
<testng-results ignored="0" total="3" passed="3" failed="0" skipped="0">
  <reporter-output>
  </reporter-output>
  <suite started-at="2022-09-12T22:59:55Z" name="Suite" finished-at="2022-09-12T23:00:04Z" duration-ms="8892">
    <groups>
    </groups>
    <test started-at="2022-09-12T22:59:55Z" name="Test" finished-at="2022-09-12T23:00:04Z" duration-ms="8892">
      <class name="testcases.Login">
        <test-method is-config="true" signature="DataSetUp()[pri:0, instance:testcases.Login@6253c26]" started-at="2022-09-12T22:59:55Z" name="DataSetUp" finished-at="2022-09-12T22:59:56Z" duration-ms="672" status="PASS">
          <reporter-output>
          </reporter-output>
        </test-method> <!-- DataSetUp -->
        <test-method is-config="true" signature="SetUp()[pri:0, instance:testcases.Login@6253c26]" started-at="2022-09-12T22:59:56Z" name="SetUp" finished-at="2022-09-12T22:59:58Z" duration-ms="2221" status="PASS">
          <reporter-output>
          </reporter-output>
        </test-method> <!-- SetUp -->
        <test-method signature="Test1()[pri:0, instance:testcases.Login@6253c26]" started-at="2022-09-12T22:59:58Z" name="Test1" finished-at="2022-09-12T22:59:59Z" duration-ms="684" status="PASS">
          <reporter-output>
          </reporter-output>
        </test-method> <!-- Test1 -->
        <test-method is-config="true" signature="TearDown()[pri:0, instance:testcases.Login@6253c26]" started-at="2022-09-12T22:59:59Z" name="TearDown" finished-at="2022-09-12T22:59:59Z" duration-ms="127" status="PASS">
          <reporter-output>
          </reporter-output>
        </test-method> <!-- TearDown -->
        <test-method is-config="true" signature="SetUp()[pri:0, instance:testcases.Login@6253c26]" started-at="2022-09-12T22:59:59Z" name="SetUp" finished-at="2022-09-12T23:00:01Z" duration-ms="1915" status="PASS">
          <reporter-output>
          </reporter-output>
        </test-method> <!-- SetUp -->
        <test-method signature="Test2()[pri:0, instance:testcases.Login@6253c26]" started-at="2022-09-12T23:00:01Z" name="Test2" finished-at="2022-09-12T23:00:01Z" duration-ms="577" status="PASS">
          <reporter-output>
          </reporter-output>
        </test-method> <!-- Test2 -->
        <test-method is-config="true" signature="TearDown()[pri:0, instance:testcases.Login@6253c26]" started-at="2022-09-12T23:00:01Z" name="TearDown" finished-at="2022-09-12T23:00:01Z" duration-ms="123" status="PASS">
          <reporter-output>
          </reporter-output>
        </test-method> <!-- TearDown -->
        <test-method is-config="true" signature="SetUp()[pri:0, instance:testcases.Login@6253c26]" started-at="2022-09-12T23:00:01Z" name="SetUp" finished-at="2022-09-12T23:00:03Z" duration-ms="1834" status="PASS">
          <reporter-output>
          </reporter-output>
        </test-method> <!-- SetUp -->
        <test-method signature="Test3()[pri:0, instance:testcases.Login@6253c26]" started-at="2022-09-12T23:00:03Z" name="Test3" finished-at="2022-09-12T23:00:04Z" duration-ms="602" status="PASS">
          <reporter-output>
          </reporter-output>
        </test-method> <!-- Test3 -->
        <test-method is-config="true" signature="TearDown()[pri:0, instance:testcases.Login@6253c26]" started-at="2022-09-12T23:00:04Z" name="TearDown" finished-at="2022-09-12T23:00:04Z" duration-ms="106" status="PASS">
          <reporter-output>
          </reporter-output>
        </test-method> <!-- TearDown -->
        <test-method is-config="true" signature="DataClean()[pri:0, instance:testcases.Login@6253c26]" started-at="2022-09-12T23:00:04Z" name="DataClean" finished-at="2022-09-12T23:00:04Z" duration-ms="0" status="PASS">
          <reporter-output>
          </reporter-output>
        </test-method> <!-- DataClean -->
      </class> <!-- testcases.Login -->
    </test> <!-- Test -->
  </suite> <!-- Suite -->
</testng-results>
